2013-11-13 14:34:23
update users set type='update',email='maohhgg@gmail.com',name='SB很2啊',password='SDUHMbLsJd9kx+JyrGYQAi3hRTjYM2qFO2CS6Swci4g=' where email='maohhgg@gmail.com'
Unknown column 'type' in 'field list'
2013-11-13 14:35:44
update users set type='update',email='maohhgg@gmail.com',name='SB很2啊',password='SDUHMbLsJd9kx+JyrGYQAi3hRTjYM2qFO2CS6Swci4g=' where email='maohhgg@gmail.com'
Unknown column 'type' in 'field list'
2013-11-13 14:37:03
update users set type='update',email='maohhgg@gmail.com',name='SB很2啊',password='SDUHMbLsJd9kx+JyrGYQAi3hRTjYM2qFO2CS6Swci4g=' where email='maohhgg@gmail.com'
Unknown column 'type' in 'field list'
2013-11-13 14:39:45
update users set type='update',email='maohhgg@gmail.com',name='SB很2啊',password='SDUHMbLsJd9kx+JyrGYQAi3hRTjYM2qFO2CS6Swci4g=' where email='maohhgg@gmail.com'
Unknown column 'type' in 'field list'
2013-11-13 14:39:52
update users set type='update',email='maohhgg@gmail.com',name='SB很2啊',password='EBS1NMAaW7pA9lkD0EW/6C4+WHyFXq9BouZebG8ZlMU=' where email='maohhgg@gmail.com'
Unknown column 'type' in 'field list'
2013-11-13 14:40:04
update users set type='update',email='maohhgg@gmail.com',name='SB很2',password='EBS1NMAaW7pA9lkD0EW/6C4+WHyFXq9BouZebG8ZlMU=' where email='maohhgg@gmail.com'
Unknown column 'type' in 'field list'
2013-11-13 14:40:46
update users set type='update',email='maohhgg@gmail.com',name='SB很2',password='EBS1NMAaW7pA9lkD0EW/6C4+WHyFXq9BouZebG8ZlMU=' where email='maohhgg@gmail.com'
Unknown column 'type' in 'field list'
2013-11-13 14:40:47
update users set type='update',email='maohhgg@gmail.com',name='SB很2',password='EBS1NMAaW7pA9lkD0EW/6C4+WHyFXq9BouZebG8ZlMU=' where email='maohhgg@gmail.com'
Unknown column 'type' in 'field list'
2013-11-13 14:40:58
update users set type='update',email='maohhgg@gmail.com',name='SB很2',password='EBS1NMAaW7pA9lkD0EW/6C4+WHyFXq9BouZebG8ZlMU=' where email='maohhgg@gmail.com'
Unknown column 'type' in 'field list'
2013-11-13 14:40:58
update users set type='update',email='maohhgg@gmail.com',name='SB很2',password='EBS1NMAaW7pA9lkD0EW/6C4+WHyFXq9BouZebG8ZlMU=' where email='maohhgg@gmail.com'
Unknown column 'type' in 'field list'
2013-11-13 14:41:17
update users set type='update',email='maohhgg@gmail.com',name='SB很2',password='EBS1NMAaW7pA9lkD0EW/6C4+WHyFXq9BouZebG8ZlMU=' where email='maohhgg@gmail.com'
Unknown column 'type' in 'field list'
2013-11-13 16:39:47
insert into project (id,name,parent,mark,color,mkttime,url) values (NULL,'HEHEHE','SB','E','CFE6E9','1384331987','')
Unknown column 'mkttime' in 'field list'
2013-11-13 16:45:01
insert into project (id,name,parent,mark,color,mkttime,url) values (NULL,'HEHEHE','SB','E','CFE6E9','1384332301','')
Unknown column 'mkttime' in 'field list'
