2013-12-10 10:09:56
localhost:3306 root:
由于目标计算机积极拒绝，无法连接。

2013-12-10 10:09:57
set names UTF8
由于目标计算机积极拒绝，无法连接。

2013-12-10 10:09:58
use tower
由于目标计算机积极拒绝，无法连接。

2013-12-10 10:09:59
localhost:3306 root:
由于目标计算机积极拒绝，无法连接。

2013-12-10 10:10:00
set names UTF8
由于目标计算机积极拒绝，无法连接。

2013-12-10 10:10:01
use tower
由于目标计算机积极拒绝，无法连接。

2013-12-10 10:12:35
localhost:3306 root:
由于目标计算机积极拒绝，无法连接。

2013-12-10 10:12:36
set names UTF8
由于目标计算机积极拒绝，无法连接。

2013-12-10 10:12:37
use tower
由于目标计算机积极拒绝，无法连接。

2013-12-10 10:12:38
localhost:3306 root:
由于目标计算机积极拒绝，无法连接。

2013-12-10 10:12:39
set names UTF8
由于目标计算机积极拒绝，无法连接。

2013-12-10 10:12:40
use tower
由于目标计算机积极拒绝，无法连接。

