2013-12-07 11:09:50
localhost:3306 root:
由于目标计算机积极拒绝，无法连接。

2013-12-07 11:09:51
set names UTF8
由于目标计算机积极拒绝，无法连接。

2013-12-07 11:09:52
use tower
由于目标计算机积极拒绝，无法连接。

2013-12-07 11:09:53
localhost:3306 root:
由于目标计算机积极拒绝，无法连接。

2013-12-07 11:09:54
set names UTF8
由于目标计算机积极拒绝，无法连接。

2013-12-07 11:09:55
use tower
由于目标计算机积极拒绝，无法连接。

2013-12-07 11:10:42
localhost:3306 root:
由于目标计算机积极拒绝，无法连接。

2013-12-07 11:10:43
set names UTF8
由于目标计算机积极拒绝，无法连接。

2013-12-07 11:10:44
use tower
由于目标计算机积极拒绝，无法连接。

2013-12-07 11:10:45
localhost:3306 root:
由于目标计算机积极拒绝，无法连接。

2013-12-07 11:10:46
set names UTF8
由于目标计算机积极拒绝，无法连接。

2013-12-07 11:10:47
use tower
由于目标计算机积极拒绝，无法连接。

2013-12-07 11:12:28
localhost:3306 root:
由于目标计算机积极拒绝，无法连接。

2013-12-07 11:12:29
set names UTF8
由于目标计算机积极拒绝，无法连接。

2013-12-07 11:12:30
use tower
由于目标计算机积极拒绝，无法连接。

2013-12-07 11:12:31
localhost:3306 root:
由于目标计算机积极拒绝，无法连接。

2013-12-07 11:12:32
set names UTF8
由于目标计算机积极拒绝，无法连接。

2013-12-07 11:12:34
use tower
由于目标计算机积极拒绝，无法连接。

2013-12-07 11:12:35
localhost:3306 root:
由于目标计算机积极拒绝，无法连接。

2013-12-07 11:12:36
set names UTF8
由于目标计算机积极拒绝，无法连接。

2013-12-07 11:12:37
use tower
由于目标计算机积极拒绝，无法连接。

2013-12-07 11:12:38
localhost:3306 root:
由于目标计算机积极拒绝，无法连接。

2013-12-07 11:12:39
set names UTF8
由于目标计算机积极拒绝，无法连接。

2013-12-07 11:12:40
use tower
由于目标计算机积极拒绝，无法连接。

2013-12-07 11:12:41
select count(*) from users where email = 'maohhgg@gmail.com'
由于目标计算机积极拒绝，无法连接。

2013-12-07 11:12:42
localhost:3306 root:
由于目标计算机积极拒绝，无法连接。

2013-12-07 11:12:43
set names UTF8
由于目标计算机积极拒绝，无法连接。

2013-12-07 11:12:44
use tower
由于目标计算机积极拒绝，无法连接。

2013-12-07 11:12:45
localhost:3306 root:
由于目标计算机积极拒绝，无法连接。

2013-12-07 11:12:46
set names UTF8
由于目标计算机积极拒绝，无法连接。

2013-12-07 11:12:48
use tower
由于目标计算机积极拒绝，无法连接。

2013-12-07 11:12:49
localhost:3306 root:
由于目标计算机积极拒绝，无法连接。

2013-12-07 11:12:50
set names UTF8
由于目标计算机积极拒绝，无法连接。

2013-12-07 11:12:51
use tower
由于目标计算机积极拒绝，无法连接。

2013-12-07 11:12:52
localhost:3306 root:
由于目标计算机积极拒绝，无法连接。

2013-12-07 11:12:53
set names UTF8
由于目标计算机积极拒绝，无法连接。

2013-12-07 11:12:54
use tower
由于目标计算机积极拒绝，无法连接。

2013-12-07 11:12:55
select count(*) from users where email = 'maohhgg@gmail.com'
由于目标计算机积极拒绝，无法连接。

