2013-12-02 19:41:14
insert into objorder (id,name,parent,starttime,endtime,newstat) values (NULL,'it's over','ftriu532smqd81n','1385984474','0','0')
You have an error in your SQL syntax; check the manual that corresponds to your MySQL server version for the right syntax to use near 's over','ftriu532smqd81n','1385984474','0','0')' at line 1
2013-12-02 19:41:18
insert into objorder (id,name,parent,starttime,endtime,newstat) values (NULL,'it's over','ftriu532smqd81n','1385984478','0','0')
You have an error in your SQL syntax; check the manual that corresponds to your MySQL server version for the right syntax to use near 's over','ftriu532smqd81n','1385984478','0','0')' at line 1
2013-12-02 19:41:31
insert into objorder (id,name,parent,starttime,endtime,newstat) values (NULL,'it's over','ftriu532smqd81n','1385984491','0','0')
You have an error in your SQL syntax; check the manual that corresponds to your MySQL server version for the right syntax to use near 's over','ftriu532smqd81n','1385984491','0','0')' at line 1
2013-12-02 19:41:51
insert into objorder (id,name,parent,starttime,endtime,newstat) values (NULL,'it's over','ftriu532smqd81n','1385984511','0','0')
You have an error in your SQL syntax; check the manual that corresponds to your MySQL server version for the right syntax to use near 's over','ftriu532smqd81n','1385984511','0','0')' at line 1
2013-12-02 19:41:56
insert into objorder (id,name,parent,starttime,endtime,newstat) values (NULL,'it's over','ftriu532smqd81n','1385984516','0','0')
You have an error in your SQL syntax; check the manual that corresponds to your MySQL server version for the right syntax to use near 's over','ftriu532smqd81n','1385984516','0','0')' at line 1
2013-12-02 19:42:34
insert into objorder (id,name,parent,starttime,endtime,newstat) values (NULL,'it'sover','ftriu532smqd81n','1385984554','0','0')
You have an error in your SQL syntax; check the manual that corresponds to your MySQL server version for the right syntax to use near 'sover','ftriu532smqd81n','1385984554','0','0')' at line 1
2013-12-02 19:42:48
insert into orderview (id,parent,starttime,content) values (NULL,'11','1385984568','it's over')
You have an error in your SQL syntax; check the manual that corresponds to your MySQL server version for the right syntax to use near 's over')' at line 1
