2014-02-18 12:58:52
localhost:3306 root:
由于目标计算机积极拒绝，无法连接。

2014-02-18 12:58:54
set names UTF8
由于目标计算机积极拒绝，无法连接。

2014-02-18 12:58:56
use tower
由于目标计算机积极拒绝，无法连接。

2014-02-18 12:58:58
localhost:3306 root:
由于目标计算机积极拒绝，无法连接。

2014-02-18 12:59:00
set names UTF8
由于目标计算机积极拒绝，无法连接。

2014-02-18 12:59:02
use tower
由于目标计算机积极拒绝，无法连接。

2014-02-18 23:38:43
127.7.226.130:3306 adminSPcVdsA:
Access denied for user 'adminSPcVdsA'@'localhost' (using password: YES)
2014-02-18 23:38:43
set names UTF8
Access denied for user ''@'localhost' (using password: NO)
2014-02-18 23:38:43
use tower
Access denied for user ''@'localhost' (using password: NO)
2014-02-18 23:38:43
127.7.226.130:3306 adminSPcVdsA:
Access denied for user 'adminSPcVdsA'@'localhost' (using password: YES)
2014-02-18 23:38:43
set names UTF8
Access denied for user ''@'localhost' (using password: NO)
2014-02-18 23:38:43
use tower
Access denied for user ''@'localhost' (using password: NO)
2014-02-18 23:41:34
127.7.226.130:3306 adminSPcVdsA:
Access denied for user 'adminSPcVdsA'@'localhost' (using password: YES)
2014-02-18 23:41:34
set names UTF8
Access denied for user ''@'localhost' (using password: NO)
2014-02-18 23:41:34
use tower
Access denied for user ''@'localhost' (using password: NO)
2014-02-18 23:41:34
127.7.226.130:3306 adminSPcVdsA:
Access denied for user 'adminSPcVdsA'@'localhost' (using password: YES)
2014-02-18 23:41:34
set names UTF8
Access denied for user ''@'localhost' (using password: NO)
2014-02-18 23:41:34
use tower
Access denied for user ''@'localhost' (using password: NO)
2014-02-18 23:42:39
127.7.226.130:3306 adminSPcVdsA:
Access denied for user 'adminSPcVdsA'@'localhost' (using password: YES)
2014-02-18 23:42:39
set names UTF8
Access denied for user ''@'localhost' (using password: NO)
2014-02-18 23:42:39
use tower
Access denied for user ''@'localhost' (using password: NO)
2014-02-18 23:42:39
127.7.226.130:3306 adminSPcVdsA:
Access denied for user 'adminSPcVdsA'@'localhost' (using password: YES)
2014-02-18 23:42:39
set names UTF8
Access denied for user ''@'localhost' (using password: NO)
2014-02-18 23:42:39
use tower
Access denied for user ''@'localhost' (using password: NO)
2014-02-18 23:42:42
127.7.226.130:3306 adminSPcVdsA:
Access denied for user 'adminSPcVdsA'@'localhost' (using password: YES)
2014-02-18 23:42:42
set names UTF8
Access denied for user ''@'localhost' (using password: NO)
2014-02-18 23:42:42
use tower
Access denied for user ''@'localhost' (using password: NO)
2014-02-18 23:42:42
127.7.226.130:3306 adminSPcVdsA:
Access denied for user 'adminSPcVdsA'@'localhost' (using password: YES)
2014-02-18 23:42:42
set names UTF8
Access denied for user ''@'localhost' (using password: NO)
2014-02-18 23:42:42
use tower
Access denied for user ''@'localhost' (using password: NO)
2014-02-18 23:42:43
127.7.226.130:3306 adminSPcVdsA:
Access denied for user 'adminSPcVdsA'@'localhost' (using password: YES)
2014-02-18 23:42:43
set names UTF8
Access denied for user ''@'localhost' (using password: NO)
2014-02-18 23:42:43
use tower
Access denied for user ''@'localhost' (using password: NO)
2014-02-18 23:42:43
127.7.226.130:3306 adminSPcVdsA:
Access denied for user 'adminSPcVdsA'@'localhost' (using password: YES)
2014-02-18 23:42:43
set names UTF8
Access denied for user ''@'localhost' (using password: NO)
2014-02-18 23:42:43
use tower
Access denied for user ''@'localhost' (using password: NO)
2014-02-18 23:42:43
127.7.226.130:3306 adminSPcVdsA:
Access denied for user 'adminSPcVdsA'@'localhost' (using password: YES)
2014-02-18 23:42:43
set names UTF8
Access denied for user ''@'localhost' (using password: NO)
2014-02-18 23:42:43
use tower
Access denied for user ''@'localhost' (using password: NO)
2014-02-18 23:42:43
127.7.226.130:3306 adminSPcVdsA:
Access denied for user 'adminSPcVdsA'@'localhost' (using password: YES)
2014-02-18 23:42:43
set names UTF8
Access denied for user ''@'localhost' (using password: NO)
2014-02-18 23:42:43
use tower
Access denied for user ''@'localhost' (using password: NO)
2014-02-18 23:42:44
127.7.226.130:3306 adminSPcVdsA:
Access denied for user 'adminSPcVdsA'@'localhost' (using password: YES)
2014-02-18 23:42:44
set names UTF8
Access denied for user ''@'localhost' (using password: NO)
2014-02-18 23:42:44
use tower
Access denied for user ''@'localhost' (using password: NO)
2014-02-18 23:42:44
127.7.226.130:3306 adminSPcVdsA:
Access denied for user 'adminSPcVdsA'@'localhost' (using password: YES)
2014-02-18 23:42:44
set names UTF8
Access denied for user ''@'localhost' (using password: NO)
2014-02-18 23:42:44
use tower
Access denied for user ''@'localhost' (using password: NO)
2014-02-18 23:42:44
127.7.226.130:3306 adminSPcVdsA:
Access denied for user 'adminSPcVdsA'@'localhost' (using password: YES)
2014-02-18 23:42:44
set names UTF8
Access denied for user ''@'localhost' (using password: NO)
2014-02-18 23:42:44
use tower
Access denied for user ''@'localhost' (using password: NO)
2014-02-18 23:42:44
127.7.226.130:3306 adminSPcVdsA:
Access denied for user 'adminSPcVdsA'@'localhost' (using password: YES)
2014-02-18 23:42:44
set names UTF8
Access denied for user ''@'localhost' (using password: NO)
2014-02-18 23:42:44
use tower
Access denied for user ''@'localhost' (using password: NO)
2014-02-18 23:42:45
127.7.226.130:3306 adminSPcVdsA:
Access denied for user 'adminSPcVdsA'@'localhost' (using password: YES)
2014-02-18 23:42:45
set names UTF8
Access denied for user ''@'localhost' (using password: NO)
2014-02-18 23:42:45
use tower
Access denied for user ''@'localhost' (using password: NO)
2014-02-18 23:42:45
127.7.226.130:3306 adminSPcVdsA:
Access denied for user 'adminSPcVdsA'@'localhost' (using password: YES)
2014-02-18 23:42:45
set names UTF8
Access denied for user ''@'localhost' (using password: NO)
2014-02-18 23:42:45
use tower
Access denied for user ''@'localhost' (using password: NO)
2014-02-18 23:43:13
127.7.226.130:3306 adminSPcVdsA:
Access denied for user 'adminSPcVdsA'@'localhost' (using password: YES)
2014-02-18 23:43:13
set names UTF8
Access denied for user ''@'localhost' (using password: NO)
2014-02-18 23:43:13
use tower
Access denied for user ''@'localhost' (using password: NO)
2014-02-18 23:43:13
127.7.226.130:3306 adminSPcVdsA:
Access denied for user 'adminSPcVdsA'@'localhost' (using password: YES)
2014-02-18 23:43:13
set names UTF8
Access denied for user ''@'localhost' (using password: NO)
2014-02-18 23:43:13
use tower
Access denied for user ''@'localhost' (using password: NO)
2014-02-18 23:43:15
127.7.226.130:3306 adminSPcVdsA:
Access denied for user 'adminSPcVdsA'@'localhost' (using password: YES)
2014-02-18 23:43:15
set names UTF8
Access denied for user ''@'localhost' (using password: NO)
2014-02-18 23:43:15
use tower
Access denied for user ''@'localhost' (using password: NO)
2014-02-18 23:43:15
127.7.226.130:3306 adminSPcVdsA:
Access denied for user 'adminSPcVdsA'@'localhost' (using password: YES)
2014-02-18 23:43:15
set names UTF8
Access denied for user ''@'localhost' (using password: NO)
2014-02-18 23:43:15
use tower
Access denied for user ''@'localhost' (using password: NO)
2014-02-18 23:44:05
127.7.226.130:3306 adminSPcVdsA:
Access denied for user 'adminSPcVdsA'@'localhost' (using password: YES)
2014-02-18 23:44:05
set names UTF8
Access denied for user ''@'localhost' (using password: NO)
2014-02-18 23:44:05
use tower
Access denied for user ''@'localhost' (using password: NO)
2014-02-18 23:44:05
127.7.226.130:3306 adminSPcVdsA:
Access denied for user 'adminSPcVdsA'@'localhost' (using password: YES)
2014-02-18 23:44:05
set names UTF8
Access denied for user ''@'localhost' (using password: NO)
2014-02-18 23:44:05
use tower
Access denied for user ''@'localhost' (using password: NO)
2014-02-18 23:44:08
127.7.226.130:3306 adminSPcVdsA:
Access denied for user 'adminSPcVdsA'@'localhost' (using password: YES)
2014-02-18 23:44:08
set names UTF8
Access denied for user ''@'localhost' (using password: NO)
2014-02-18 23:44:08
use tower
Access denied for user ''@'localhost' (using password: NO)
2014-02-18 23:44:08
127.7.226.130:3306 adminSPcVdsA:
Access denied for user 'adminSPcVdsA'@'localhost' (using password: YES)
2014-02-18 23:44:08
set names UTF8
Access denied for user ''@'localhost' (using password: NO)
2014-02-18 23:44:08
use tower
Access denied for user ''@'localhost' (using password: NO)
2014-02-18 23:44:09
127.7.226.130:3306 adminSPcVdsA:
Access denied for user 'adminSPcVdsA'@'localhost' (using password: YES)
2014-02-18 23:44:09
set names UTF8
Access denied for user ''@'localhost' (using password: NO)
2014-02-18 23:44:09
use tower
Access denied for user ''@'localhost' (using password: NO)
2014-02-18 23:44:09
127.7.226.130:3306 adminSPcVdsA:
Access denied for user 'adminSPcVdsA'@'localhost' (using password: YES)
2014-02-18 23:44:09
set names UTF8
Access denied for user ''@'localhost' (using password: NO)
2014-02-18 23:44:09
use tower
Access denied for user ''@'localhost' (using password: NO)
