2014-03-15 04:58:51
localhost:3306 root:
由于目标计算机积极拒绝，无法连接。

2014-03-15 04:58:53
set names UTF8
由于目标计算机积极拒绝，无法连接。

2014-03-15 04:58:55
use tower
由于目标计算机积极拒绝，无法连接。

2014-03-15 04:58:57
localhost:3306 root:
由于目标计算机积极拒绝，无法连接。

2014-03-15 04:58:59
set names UTF8
由于目标计算机积极拒绝，无法连接。

2014-03-15 04:59:01
use tower
由于目标计算机积极拒绝，无法连接。

2014-03-15 05:00:45
localhost:3306 root:
由于目标计算机积极拒绝，无法连接。

2014-03-15 05:00:47
set names UTF8
由于目标计算机积极拒绝，无法连接。

2014-03-15 05:00:49
use tower
由于目标计算机积极拒绝，无法连接。

2014-03-15 05:00:51
localhost:3306 root:
由于目标计算机积极拒绝，无法连接。

2014-03-15 05:00:53
set names UTF8
由于目标计算机积极拒绝，无法连接。

2014-03-15 05:00:55
use tower
由于目标计算机积极拒绝，无法连接。

2014-03-15 05:02:42
localhost:3306 root:
由于目标计算机积极拒绝，无法连接。

2014-03-15 05:02:44
set names UTF8
由于目标计算机积极拒绝，无法连接。

2014-03-15 05:02:46
use tower
由于目标计算机积极拒绝，无法连接。

2014-03-15 05:02:48
localhost:3306 root:
由于目标计算机积极拒绝，无法连接。

2014-03-15 05:02:50
set names UTF8
由于目标计算机积极拒绝，无法连接。

2014-03-15 05:02:52
use tower
由于目标计算机积极拒绝，无法连接。

2014-03-15 05:05:16
localhost:3306 root:
由于目标计算机积极拒绝，无法连接。

2014-03-15 05:05:18
set names UTF8
由于目标计算机积极拒绝，无法连接。

2014-03-15 05:05:20
use tower
由于目标计算机积极拒绝，无法连接。

2014-03-15 05:05:22
localhost:3306 root:
由于目标计算机积极拒绝，无法连接。

2014-03-15 05:05:24
set names UTF8
由于目标计算机积极拒绝，无法连接。

2014-03-15 05:05:26
use tower
由于目标计算机积极拒绝，无法连接。

2014-03-15 05:07:22
localhost:3306 root:

2014-03-15 05:07:22
set names UTF8

2014-03-15 05:07:22
use tower

2014-03-15 05:07:24
localhost:3306 root:

2014-03-15 05:07:24
set names UTF8

2014-03-15 05:07:24
use tower

2014-03-15 19:03:05
localhost:3306 root:

2014-03-15 19:03:05
set names UTF8

2014-03-15 19:03:05
use tower

2014-03-15 19:03:07
localhost:3306 root:

2014-03-15 19:03:07
set names UTF8

2014-03-15 19:03:07
use tower

2014-03-15 19:03:26
localhost:3306 root:
由于目标计算机积极拒绝，无法连接。

2014-03-15 19:03:28
set names UTF8
由于目标计算机积极拒绝，无法连接。

2014-03-15 19:03:30
use tower
由于目标计算机积极拒绝，无法连接。

2014-03-15 19:03:32
localhost:3306 root:
由于目标计算机积极拒绝，无法连接。

2014-03-15 19:03:34
set names UTF8
由于目标计算机积极拒绝，无法连接。

2014-03-15 19:03:36
use tower
由于目标计算机积极拒绝，无法连接。

2014-03-15 19:03:55
localhost:3306 root:

2014-03-15 19:03:55
set names UTF8
Access denied for user ''@'localhost' (using password: NO)
2014-03-15 19:03:55
use tower
Access denied for user ''@'localhost' (using password: NO)
2014-03-15 19:03:55
localhost:3306 root:
Access denied for user ''@'localhost' (using password: NO)
2014-03-15 19:03:55
set names UTF8
Access denied for user ''@'localhost' (using password: NO)
2014-03-15 19:03:55
use tower
Access denied for user ''@'localhost' (using password: NO)
2014-03-15 19:06:46
localhost:3306 root:

2014-03-15 19:06:46
set names UTF8
Access denied for user ''@'localhost' (using password: NO)
2014-03-15 19:06:46
use tower
Access denied for user ''@'localhost' (using password: NO)
2014-03-15 19:06:46
localhost:3306 root:
Access denied for user ''@'localhost' (using password: NO)
2014-03-15 19:06:46
set names UTF8
Access denied for user ''@'localhost' (using password: NO)
2014-03-15 19:06:46
use tower
Access denied for user ''@'localhost' (using password: NO)
2014-03-15 19:07:41
set names UTF8
Access denied for user ''@'localhost' (using password: NO)
2014-03-15 19:07:41
use tower
Access denied for user ''@'localhost' (using password: NO)
2014-03-15 19:07:41
set names UTF8
Access denied for user ''@'localhost' (using password: NO)
2014-03-15 19:07:41
use tower
Access denied for user ''@'localhost' (using password: NO)
2014-03-15 19:08:27
set names UTF8

2014-03-15 19:08:27
use tower

2014-03-15 19:08:27
set names UTF8

2014-03-15 19:08:27
use tower

